c:\users\ivan\source\repos\lab2oop\debug\vc142.pdb
c:\users\ivan\source\repos\lab2oop\debug\vc142.idb
c:\users\ivan\source\repos\lab2oop\debug\wrongpointer.obj
c:\users\ivan\source\repos\lab2oop\debug\time.obj
c:\users\ivan\source\repos\lab2oop\debug\main.obj
c:\users\ivan\source\repos\lab2oop\debug\sort.obj
c:\users\ivan\source\repos\lab2oop\debug\rectangle.obj
c:\users\ivan\source\repos\lab2oop\debug\movie.obj
c:\users\ivan\source\repos\lab2oop\debug\genre.obj
c:\users\ivan\source\repos\lab2oop\debug\functions.obj
c:\users\ivan\source\repos\lab2oop\debug\flight.obj
c:\users\ivan\source\repos\lab2oop\debug\color.obj
c:\users\ivan\source\repos\lab2oop\debug\circle.obj
c:\users\ivan\source\repos\lab2oop\debug\enums.obj
c:\users\ivan\source\repos\lab2oop\debug\car.obj
c:\users\ivan\source\repos\lab2oop\debug\lab2oop.exe
c:\users\ivan\source\repos\lab2oop\debug\lab2oop.ilk
c:\users\ivan\source\repos\lab2oop\debug\lab2oop.pdb
c:\users\ivan\source\repos\lab2oop\debug\lab2oop.tlog\cl.command.1.tlog
c:\users\ivan\source\repos\lab2oop\debug\lab2oop.tlog\cl.read.1.tlog
c:\users\ivan\source\repos\lab2oop\debug\lab2oop.tlog\cl.write.1.tlog
c:\users\ivan\source\repos\lab2oop\debug\lab2oop.tlog\link.command.1.tlog
c:\users\ivan\source\repos\lab2oop\debug\lab2oop.tlog\link.read.1.tlog
c:\users\ivan\source\repos\lab2oop\debug\lab2oop.tlog\link.write.1.tlog
